2019-01-11 13:33:05.079 INFO [main]com.orange.OrangeApplication.logStarting:50 -Starting OrangeApplication on Derlin-PC with PID 5376 (E:\Source\Java\orange\orange\target\classes started by Derlin in E:\Source\Java\orange\orange)
2019-01-11 13:33:05.085 INFO [main]com.orange.OrangeApplication.logStartupProfileInfo:675 -No active profile set, falling back to default profiles: default
2019-01-11 13:33:07.886 INFO [main]o.s.boot.web.embedded.tomcat.TomcatWebServer.initialize:90 -Tomcat initialized with port(s): 8080 (http)
2019-01-11 13:33:07.908 INFO [main]org.apache.coyote.http11.Http11NioProtocol.log:173 -Initializing ProtocolHandler ["http-nio-8080"]
2019-01-11 13:33:07.924 INFO [main]org.apache.catalina.core.StandardService.log:173 -Starting service [Tomcat]
2019-01-11 13:33:07.924 INFO [main]org.apache.catalina.core.StandardEngine.log:173 -Starting Servlet Engine: Apache Tomcat/9.0.13
2019-01-11 13:33:07.939 INFO [main]org.apache.catalina.core.AprLifecycleListener.log:173 -The APR based Apache Tomcat Native library which allows optimal performance in production environments was not found on the java.library.path: [D:\Program Files\Java1.8\jdk1.8.0_151\bin;C:\Windows\Sun\Java\bin;C:\Windows\system32;C:\Windows;D:/Program Files/Java1.8/jdk1.8.0_151/bin/../jre/bin/server;D:/Program Files/Java1.8/jdk1.8.0_151/bin/../jre/bin;D:/Program Files/Java1.8/jdk1.8.0_151/bin/../jre/lib/amd64;D:\Program Files\Python27\;D:\Program Files\Python27\Scripts;D:\Program Files\Anaconda3;D:\Program Files\Anaconda3\Scripts;D:\Oracle\product\11.2.0\dbhome\bin;C:\Program Files (x86)\NVIDIA Corporation\PhysX\Common;C:\Program Files (x86)\Intel\iCLS Client\;C:\Program Files\Intel\iCLS Client\;C:\Program Files\Broadcom\Broadcom 802.11 Network Adapter\Driver;C:\Windows\system32;C:\Windows;C:\Windows\System32\Wbem;C:\Windows\System32\WindowsPowerShell\v1.0\;C:\Program Files (x86)\Intel\OpenCL SDK\3.0\bin\x86;C:\Program Files (x86)\Intel\OpenCL SDK\3.0\bin\x64;C:\Program Files\Intel\Intel(R) Management Engine Components\DAL;C:\Program Files\Intel\Intel(R) Management Engine Components\IPT;C:\Program Files (x86)\Intel\Intel(R) Management Engine Components\DAL;C:\Program Files (x86)\Intel\Intel(R) Management Engine Components\IPT;C:\Program Files\Lenovo\Bluetooth Software\;C:\Program Files\Lenovo\Bluetooth Software\syswow64;D:\Program Files (x86)\Microsoft SQL Server\100\Tools\Binn\;D:\Program Files\Microsoft SQL Server\100\Tools\Binn\;D:\Program Files\Microsoft SQL Server\100\DTS\Binn\;D:\Program Files (x86)\Microsoft SQL Server\100\Tools\Binn\VSShell\Common7\IDE\;D:\Program Files (x86)\Microsoft SQL Server\100\DTS\Binn\;C:\Program Files (x86)\Microsoft Visual Studio 9.0\Common7\IDE\PrivateAssemblies\;D:\Program Files\Java1.8\jdk1.8.0_151\bin;D:\Program Files\Java1.8\jdk1.8.0_151\jre\bin;C:\Program Files\Microsoft\Web Platform Installer\;C:\Program Files (x86)\Microsoft ASP.NET\ASP.NET Web Pages\v1.0\;C:\Program Files\Microsoft SQL Server\110\Tools\Binn\;D:\Program Files\erl\bin;C:\Program Files (x86)\Windows Kits\8.0\Windows Performance Toolkit\;D:\Program Files\maven\bin;D:\Program Files\Sencha\Cmd;D:\Program Files\Gradle\bin;D:\Program Files\nodejs\;D:\Program Files\Git\cmd;D:\Program Files\UltraEdit\;D:\Program Files\Microsoft VS Code\bin;C:\Users\Derlin\AppData\Roaming\npm;D:\Program Files\Docker Toolbox;C:\Windows\system32;;.]
2019-01-11 13:33:08.063 INFO [main]o.a.c.core.ContainerBase.[Tomcat].[localhost].[/orange].log:173 -Initializing Spring embedded WebApplicationContext
2019-01-11 13:33:08.064 INFO [main]org.springframework.web.context.ContextLoader.prepareWebApplicationContext:296 -Root WebApplicationContext: initialization completed in 2732 ms
2019-01-11 13:33:08.156 INFO [main]org.apache.coyote.http11.Http11NioProtocol.log:173 -Starting ProtocolHandler ["http-nio-8080"]
2019-01-11 13:33:08.165 INFO [main]org.apache.tomcat.util.net.NioSelectorPool.log:173 -Using a shared selector for servlet write/read
2019-01-11 13:33:08.181 INFO [main]org.apache.coyote.http11.Http11NioProtocol.log:173 -Pausing ProtocolHandler ["http-nio-8080"]
2019-01-11 13:33:08.182 INFO [main]org.apache.catalina.core.StandardService.log:173 -Stopping service [Tomcat]
2019-01-11 13:33:08.183 INFO [main]org.apache.coyote.http11.Http11NioProtocol.log:173 -Stopping ProtocolHandler ["http-nio-8080"]
2019-01-11 13:33:08.186 WARN [main]o.s.b.w.s.c.AnnotationConfigServletWebServerApplicationContext.refresh:554 -Exception encountered during context initialization - cancelling refresh attempt: org.springframework.context.ApplicationContextException: Unable to start web server; nested exception is org.springframework.boot.web.server.WebServerException: Unable to start embedded Tomcat
2019-01-11 13:33:08.200 INFO [main]o.s.b.a.logging.ConditionEvaluationReportLoggingListener.logMessage:142 -

Error starting ApplicationContext. To display the conditions report re-run your application with 'debug' enabled.
2019-01-11 13:33:39.968 INFO [main]com.orange.OrangeApplication.logStarting:50 -Starting OrangeApplication on Derlin-PC with PID 6996 (E:\Source\Java\orange\orange\target\classes started by Derlin in E:\Source\Java\orange\orange)
2019-01-11 13:33:39.976 INFO [main]com.orange.OrangeApplication.logStartupProfileInfo:675 -No active profile set, falling back to default profiles: default
2019-01-11 13:33:41.897 INFO [main]o.s.boot.web.embedded.tomcat.TomcatWebServer.initialize:90 -Tomcat initialized with port(s): 8080 (http)
2019-01-11 13:33:41.919 INFO [main]org.apache.coyote.http11.Http11NioProtocol.log:173 -Initializing ProtocolHandler ["http-nio-8080"]
2019-01-11 13:33:41.936 INFO [main]org.apache.catalina.core.StandardService.log:173 -Starting service [Tomcat]
2019-01-11 13:33:41.936 INFO [main]org.apache.catalina.core.StandardEngine.log:173 -Starting Servlet Engine: Apache Tomcat/9.0.13
2019-01-11 13:33:41.952 INFO [main]org.apache.catalina.core.AprLifecycleListener.log:173 -The APR based Apache Tomcat Native library which allows optimal performance in production environments was not found on the java.library.path: [D:\Program Files\Java1.8\jdk1.8.0_151\bin;C:\Windows\Sun\Java\bin;C:\Windows\system32;C:\Windows;D:/Program Files/Java1.8/jdk1.8.0_151/bin/../jre/bin/server;D:/Program Files/Java1.8/jdk1.8.0_151/bin/../jre/bin;D:/Program Files/Java1.8/jdk1.8.0_151/bin/../jre/lib/amd64;D:\Program Files\Python27\;D:\Program Files\Python27\Scripts;D:\Program Files\Anaconda3;D:\Program Files\Anaconda3\Scripts;D:\Oracle\product\11.2.0\dbhome\bin;C:\Program Files (x86)\NVIDIA Corporation\PhysX\Common;C:\Program Files (x86)\Intel\iCLS Client\;C:\Program Files\Intel\iCLS Client\;C:\Program Files\Broadcom\Broadcom 802.11 Network Adapter\Driver;C:\Windows\system32;C:\Windows;C:\Windows\System32\Wbem;C:\Windows\System32\WindowsPowerShell\v1.0\;C:\Program Files (x86)\Intel\OpenCL SDK\3.0\bin\x86;C:\Program Files (x86)\Intel\OpenCL SDK\3.0\bin\x64;C:\Program Files\Intel\Intel(R) Management Engine Components\DAL;C:\Program Files\Intel\Intel(R) Management Engine Components\IPT;C:\Program Files (x86)\Intel\Intel(R) Management Engine Components\DAL;C:\Program Files (x86)\Intel\Intel(R) Management Engine Components\IPT;C:\Program Files\Lenovo\Bluetooth Software\;C:\Program Files\Lenovo\Bluetooth Software\syswow64;D:\Program Files (x86)\Microsoft SQL Server\100\Tools\Binn\;D:\Program Files\Microsoft SQL Server\100\Tools\Binn\;D:\Program Files\Microsoft SQL Server\100\DTS\Binn\;D:\Program Files (x86)\Microsoft SQL Server\100\Tools\Binn\VSShell\Common7\IDE\;D:\Program Files (x86)\Microsoft SQL Server\100\DTS\Binn\;C:\Program Files (x86)\Microsoft Visual Studio 9.0\Common7\IDE\PrivateAssemblies\;D:\Program Files\Java1.8\jdk1.8.0_151\bin;D:\Program Files\Java1.8\jdk1.8.0_151\jre\bin;C:\Program Files\Microsoft\Web Platform Installer\;C:\Program Files (x86)\Microsoft ASP.NET\ASP.NET Web Pages\v1.0\;C:\Program Files\Microsoft SQL Server\110\Tools\Binn\;D:\Program Files\erl\bin;C:\Program Files (x86)\Windows Kits\8.0\Windows Performance Toolkit\;D:\Program Files\maven\bin;D:\Program Files\Sencha\Cmd;D:\Program Files\Gradle\bin;D:\Program Files\nodejs\;D:\Program Files\Git\cmd;D:\Program Files\UltraEdit\;D:\Program Files\Microsoft VS Code\bin;C:\Users\Derlin\AppData\Roaming\npm;D:\Program Files\Docker Toolbox;C:\Windows\system32;;.]
2019-01-11 13:33:42.101 INFO [main]o.a.c.core.ContainerBase.[Tomcat].[localhost].[/orange].log:173 -Initializing Spring embedded WebApplicationContext
2019-01-11 13:33:42.102 INFO [main]org.springframework.web.context.ContextLoader.prepareWebApplicationContext:296 -Root WebApplicationContext: initialization completed in 2052 ms
2019-01-11 13:33:51.858 INFO [main]org.apache.coyote.http11.Http11NioProtocol.log:173 -Starting ProtocolHandler ["http-nio-8080"]
2019-01-11 13:33:51.873 INFO [main]org.apache.tomcat.util.net.NioSelectorPool.log:173 -Using a shared selector for servlet write/read
2019-01-11 13:33:51.914 INFO [main]org.apache.coyote.http11.Http11NioProtocol.log:173 -Pausing ProtocolHandler ["http-nio-8080"]
2019-01-11 13:33:52.037 INFO [main]org.apache.catalina.core.StandardService.log:173 -Stopping service [Tomcat]
2019-01-11 13:33:52.039 INFO [main]org.apache.coyote.http11.Http11NioProtocol.log:173 -Stopping ProtocolHandler ["http-nio-8080"]
2019-01-11 13:33:52.046 WARN [main]o.s.b.w.s.c.AnnotationConfigServletWebServerApplicationContext.refresh:554 -Exception encountered during context initialization - cancelling refresh attempt: org.springframework.context.ApplicationContextException: Unable to start web server; nested exception is org.springframework.boot.web.server.WebServerException: Unable to start embedded Tomcat
2019-01-11 13:33:52.062 INFO [main]o.s.b.a.logging.ConditionEvaluationReportLoggingListener.logMessage:142 -

Error starting ApplicationContext. To display the conditions report re-run your application with 'debug' enabled.
2019-01-11 13:34:43.553 INFO [main]com.orange.OrangeApplication.logStarting:50 -Starting OrangeApplication on Derlin-PC with PID 7436 (E:\Source\Java\orange\orange\target\classes started by Derlin in E:\Source\Java\orange\orange)
2019-01-11 13:34:43.560 INFO [main]com.orange.OrangeApplication.logStartupProfileInfo:675 -No active profile set, falling back to default profiles: default
2019-01-11 13:34:45.527 INFO [main]o.s.boot.web.embedded.tomcat.TomcatWebServer.initialize:90 -Tomcat initialized with port(s): 8080 (http)
2019-01-11 13:34:45.540 INFO [main]org.apache.coyote.http11.Http11NioProtocol.log:173 -Initializing ProtocolHandler ["http-nio-8080"]
2019-01-11 13:34:45.563 INFO [main]org.apache.catalina.core.StandardService.log:173 -Starting service [Tomcat]
2019-01-11 13:34:45.564 INFO [main]org.apache.catalina.core.StandardEngine.log:173 -Starting Servlet Engine: Apache Tomcat/9.0.13
2019-01-11 13:34:45.580 INFO [main]org.apache.catalina.core.AprLifecycleListener.log:173 -The APR based Apache Tomcat Native library which allows optimal performance in production environments was not found on the java.library.path: [D:\Program Files\Java1.8\jdk1.8.0_151\bin;C:\Windows\Sun\Java\bin;C:\Windows\system32;C:\Windows;D:/Program Files/Java1.8/jdk1.8.0_151/bin/../jre/bin/server;D:/Program Files/Java1.8/jdk1.8.0_151/bin/../jre/bin;D:/Program Files/Java1.8/jdk1.8.0_151/bin/../jre/lib/amd64;D:\Program Files\Python27\;D:\Program Files\Python27\Scripts;D:\Program Files\Anaconda3;D:\Program Files\Anaconda3\Scripts;D:\Oracle\product\11.2.0\dbhome\bin;C:\Program Files (x86)\NVIDIA Corporation\PhysX\Common;C:\Program Files (x86)\Intel\iCLS Client\;C:\Program Files\Intel\iCLS Client\;C:\Program Files\Broadcom\Broadcom 802.11 Network Adapter\Driver;C:\Windows\system32;C:\Windows;C:\Windows\System32\Wbem;C:\Windows\System32\WindowsPowerShell\v1.0\;C:\Program Files (x86)\Intel\OpenCL SDK\3.0\bin\x86;C:\Program Files (x86)\Intel\OpenCL SDK\3.0\bin\x64;C:\Program Files\Intel\Intel(R) Management Engine Components\DAL;C:\Program Files\Intel\Intel(R) Management Engine Components\IPT;C:\Program Files (x86)\Intel\Intel(R) Management Engine Components\DAL;C:\Program Files (x86)\Intel\Intel(R) Management Engine Components\IPT;C:\Program Files\Lenovo\Bluetooth Software\;C:\Program Files\Lenovo\Bluetooth Software\syswow64;D:\Program Files (x86)\Microsoft SQL Server\100\Tools\Binn\;D:\Program Files\Microsoft SQL Server\100\Tools\Binn\;D:\Program Files\Microsoft SQL Server\100\DTS\Binn\;D:\Program Files (x86)\Microsoft SQL Server\100\Tools\Binn\VSShell\Common7\IDE\;D:\Program Files (x86)\Microsoft SQL Server\100\DTS\Binn\;C:\Program Files (x86)\Microsoft Visual Studio 9.0\Common7\IDE\PrivateAssemblies\;D:\Program Files\Java1.8\jdk1.8.0_151\bin;D:\Program Files\Java1.8\jdk1.8.0_151\jre\bin;C:\Program Files\Microsoft\Web Platform Installer\;C:\Program Files (x86)\Microsoft ASP.NET\ASP.NET Web Pages\v1.0\;C:\Program Files\Microsoft SQL Server\110\Tools\Binn\;D:\Program Files\erl\bin;C:\Program Files (x86)\Windows Kits\8.0\Windows Performance Toolkit\;D:\Program Files\maven\bin;D:\Program Files\Sencha\Cmd;D:\Program Files\Gradle\bin;D:\Program Files\nodejs\;D:\Program Files\Git\cmd;D:\Program Files\UltraEdit\;D:\Program Files\Microsoft VS Code\bin;C:\Users\Derlin\AppData\Roaming\npm;D:\Program Files\Docker Toolbox;C:\Windows\system32;;.]
2019-01-11 13:34:45.694 INFO [main]o.a.c.core.ContainerBase.[Tomcat].[localhost].[/orange].log:173 -Initializing Spring embedded WebApplicationContext
2019-01-11 13:34:45.695 INFO [main]org.springframework.web.context.ContextLoader.prepareWebApplicationContext:296 -Root WebApplicationContext: initialization completed in 2035 ms
2019-01-11 13:34:46.311 INFO [main]o.s.scheduling.concurrent.ThreadPoolTaskScheduler.initialize:171 -Initializing ExecutorService 'taskScheduler'
2019-01-11 13:34:46.397 INFO [main]org.apache.coyote.http11.Http11NioProtocol.log:173 -Starting ProtocolHandler ["http-nio-8080"]
2019-01-11 13:34:46.410 INFO [main]org.apache.tomcat.util.net.NioSelectorPool.log:173 -Using a shared selector for servlet write/read
2019-01-11 13:34:46.426 INFO [main]o.s.boot.web.embedded.tomcat.TomcatWebServer.start:204 -Tomcat started on port(s): 8080 (http) with context path '/orange'
2019-01-11 13:34:46.430 INFO [main]com.orange.OrangeApplication.logStarted:59 -Started OrangeApplication in 3.407 seconds (JVM running for 3.812)
2019-01-11 13:34:59.963 INFO [http-nio-8080-exec-1]o.a.c.core.ContainerBase.[Tomcat].[localhost].[/orange].log:173 -Initializing Spring DispatcherServlet 'dispatcherServlet'
2019-01-11 13:34:59.963 INFO [http-nio-8080-exec-1]org.springframework.web.servlet.DispatcherServlet.initServletBean:524 -Initializing Servlet 'dispatcherServlet'
2019-01-11 13:34:59.969 INFO [http-nio-8080-exec-1]org.springframework.web.servlet.DispatcherServlet.initServletBean:546 -Completed initialization in 6 ms
2019-01-11 13:34:59.994 INFO [http-nio-8080-exec-1]com.orange.controller.LogController.log:22 -1111
2019-01-11 13:35:59.720 INFO [main]com.orange.OrangeApplication.logStarting:50 -Starting OrangeApplication on Derlin-PC with PID 4688 (E:\Source\Java\orange\orange\target\classes started by Derlin in E:\Source\Java\orange\orange)
2019-01-11 13:35:59.729 INFO [main]com.orange.OrangeApplication.logStartupProfileInfo:675 -No active profile set, falling back to default profiles: default
2019-01-11 13:36:01.997 INFO [main]o.s.boot.web.embedded.tomcat.TomcatWebServer.initialize:90 -Tomcat initialized with port(s): 8080 (http)
2019-01-11 13:36:02.016 INFO [main]org.apache.coyote.http11.Http11NioProtocol.log:173 -Initializing ProtocolHandler ["http-nio-8080"]
2019-01-11 13:36:02.034 INFO [main]org.apache.catalina.core.StandardService.log:173 -Starting service [Tomcat]
2019-01-11 13:36:02.035 INFO [main]org.apache.catalina.core.StandardEngine.log:173 -Starting Servlet Engine: Apache Tomcat/9.0.13
2019-01-11 13:36:02.050 INFO [main]org.apache.catalina.core.AprLifecycleListener.log:173 -The APR based Apache Tomcat Native library which allows optimal performance in production environments was not found on the java.library.path: [D:\Program Files\Java1.8\jdk1.8.0_151\bin;C:\Windows\Sun\Java\bin;C:\Windows\system32;C:\Windows;D:/Program Files/Java1.8/jdk1.8.0_151/bin/../jre/bin/server;D:/Program Files/Java1.8/jdk1.8.0_151/bin/../jre/bin;D:/Program Files/Java1.8/jdk1.8.0_151/bin/../jre/lib/amd64;D:\Program Files\Python27\;D:\Program Files\Python27\Scripts;D:\Program Files\Anaconda3;D:\Program Files\Anaconda3\Scripts;D:\Oracle\product\11.2.0\dbhome\bin;C:\Program Files (x86)\NVIDIA Corporation\PhysX\Common;C:\Program Files (x86)\Intel\iCLS Client\;C:\Program Files\Intel\iCLS Client\;C:\Program Files\Broadcom\Broadcom 802.11 Network Adapter\Driver;C:\Windows\system32;C:\Windows;C:\Windows\System32\Wbem;C:\Windows\System32\WindowsPowerShell\v1.0\;C:\Program Files (x86)\Intel\OpenCL SDK\3.0\bin\x86;C:\Program Files (x86)\Intel\OpenCL SDK\3.0\bin\x64;C:\Program Files\Intel\Intel(R) Management Engine Components\DAL;C:\Program Files\Intel\Intel(R) Management Engine Components\IPT;C:\Program Files (x86)\Intel\Intel(R) Management Engine Components\DAL;C:\Program Files (x86)\Intel\Intel(R) Management Engine Components\IPT;C:\Program Files\Lenovo\Bluetooth Software\;C:\Program Files\Lenovo\Bluetooth Software\syswow64;D:\Program Files (x86)\Microsoft SQL Server\100\Tools\Binn\;D:\Program Files\Microsoft SQL Server\100\Tools\Binn\;D:\Program Files\Microsoft SQL Server\100\DTS\Binn\;D:\Program Files (x86)\Microsoft SQL Server\100\Tools\Binn\VSShell\Common7\IDE\;D:\Program Files (x86)\Microsoft SQL Server\100\DTS\Binn\;C:\Program Files (x86)\Microsoft Visual Studio 9.0\Common7\IDE\PrivateAssemblies\;D:\Program Files\Java1.8\jdk1.8.0_151\bin;D:\Program Files\Java1.8\jdk1.8.0_151\jre\bin;C:\Program Files\Microsoft\Web Platform Installer\;C:\Program Files (x86)\Microsoft ASP.NET\ASP.NET Web Pages\v1.0\;C:\Program Files\Microsoft SQL Server\110\Tools\Binn\;D:\Program Files\erl\bin;C:\Program Files (x86)\Windows Kits\8.0\Windows Performance Toolkit\;D:\Program Files\maven\bin;D:\Program Files\Sencha\Cmd;D:\Program Files\Gradle\bin;D:\Program Files\nodejs\;D:\Program Files\Git\cmd;D:\Program Files\UltraEdit\;D:\Program Files\Microsoft VS Code\bin;C:\Users\Derlin\AppData\Roaming\npm;D:\Program Files\Docker Toolbox;C:\Windows\system32;;.]
2019-01-11 13:36:02.171 INFO [main]o.a.c.core.ContainerBase.[Tomcat].[localhost].[/orange].log:173 -Initializing Spring embedded WebApplicationContext
2019-01-11 13:36:02.172 INFO [main]org.springframework.web.context.ContextLoader.prepareWebApplicationContext:296 -Root WebApplicationContext: initialization completed in 2365 ms
2019-01-11 13:36:02.854 INFO [main]o.s.scheduling.concurrent.ThreadPoolTaskScheduler.initialize:171 -Initializing ExecutorService 'taskScheduler'
2019-01-11 13:36:02.927 INFO [main]org.apache.coyote.http11.Http11NioProtocol.log:173 -Starting ProtocolHandler ["http-nio-8080"]
2019-01-11 13:36:02.943 INFO [main]org.apache.tomcat.util.net.NioSelectorPool.log:173 -Using a shared selector for servlet write/read
2019-01-11 13:36:02.961 INFO [main]o.s.boot.web.embedded.tomcat.TomcatWebServer.start:204 -Tomcat started on port(s): 8080 (http) with context path '/orange'
2019-01-11 13:36:02.964 INFO [main]com.orange.OrangeApplication.logStarted:59 -Started OrangeApplication in 3.766 seconds (JVM running for 4.164)
2019-01-11 13:36:11.843 INFO [http-nio-8080-exec-1]o.a.c.core.ContainerBase.[Tomcat].[localhost].[/orange].log:173 -Initializing Spring DispatcherServlet 'dispatcherServlet'
2019-01-11 13:36:11.843 INFO [http-nio-8080-exec-1]org.springframework.web.servlet.DispatcherServlet.initServletBean:524 -Initializing Servlet 'dispatcherServlet'
2019-01-11 13:36:11.856 INFO [http-nio-8080-exec-1]org.springframework.web.servlet.DispatcherServlet.initServletBean:546 -Completed initialization in 12 ms
2019-01-11 13:36:11.876 INFO [http-nio-8080-exec-1]com.orange.controller.LogController.log:22 -1111
